<?xml version="1.0" encoding="UTF-8"?>
<!-- Generated by org.testng.reporters.JUnitReportReporter -->
<testsuite hostname="DESKTOP-MG5PQ48" failures="0" tests="1" name="policyBazaar_Test.PB_Test" time="33.126" errors="0" timestamp="2022-12-23T12:38:56 IST" skipped="0">
  <testcase classname="policyBazaar_Test.PB_Test" name="gettingMypayment" time="33.126"/>
  <system-out>
    <![CDATA[Switching to Transaction Page
Amount is Seems like you haven’t made any payments yet.
Taking Screenshot
Switching to main page]]>
  </system-out>
</testsuite> <!-- policyBazaar_Test.PB_Test -->
